Performing C SOURCE FILE Test CMAKE_HAVE_LIBC_PTHREAD failed with the following output:
Change Dir: /mnt/c/Users/sluzhynskyi/Documents/ClionProjects/word_count2/cmake-build-debug/CMakeFiles/CMakeTmp

Run Build Command(s):/usr/bin/make cmTC_f6df3/fast && make: Warning: File 'Makefile' has modification time 0.44 s in the future
/usr/bin/make  -f CMakeFiles/cmTC_f6df3.dir/build.make CMakeFiles/cmTC_f6df3.dir/build
make[1]: Entering directory '/mnt/c/Users/sluzhynskyi/Documents/ClionProjects/word_count2/cmake-build-debug/CMakeFiles/CMakeTmp'
make[1]: Warning: File 'CMakeFiles/cmTC_f6df3.dir/flags.make' has modification time 0.41 s in the future
Building C object CMakeFiles/cmTC_f6df3.dir/src.c.o
/usr/bin/cc   -DCMAKE_HAVE_LIBC_PTHREAD   -o CMakeFiles/cmTC_f6df3.dir/src.c.o   -c /mnt/c/Users/sluzhynskyi/Documents/ClionProjects/word_count2/cmake-build-debug/CMakeFiles/CMakeTmp/src.c
Linking C executable cmTC_f6df3
/usr/bin/cmake -E cmake_link_script CMakeFiles/cmTC_f6df3.dir/link.txt --verbose=1
/usr/bin/cc  -DCMAKE_HAVE_LIBC_PTHREAD    CMakeFiles/cmTC_f6df3.dir/src.c.o  -o cmTC_f6df3 
CMakeFiles/cmTC_f6df3.dir/src.c.o: In function `main':
src.c:(.text+0x3e): undefined reference to `pthread_create'
src.c:(.text+0x4a): undefined reference to `pthread_detach'
src.c:(.text+0x56): undefined reference to `pthread_cancel'
src.c:(.text+0x67): undefined reference to `pthread_join'
src.c:(.text+0x7b): undefined reference to `pthread_atfork'
collect2: error: ld returned 1 exit status
CMakeFiles/cmTC_f6df3.dir/build.make:106: recipe for target 'cmTC_f6df3' failed
make[1]: *** [cmTC_f6df3] Error 1
make[1]: Leaving directory '/mnt/c/Users/sluzhynskyi/Documents/ClionProjects/word_count2/cmake-build-debug/CMakeFiles/CMakeTmp'
Makefile:141: recipe for target 'cmTC_f6df3/fast' failed
make: *** [cmTC_f6df3/fast] Error 2


Source file was:
#include <pthread.h>

void* test_func(void* data)
{
  return data;
}

int main(void)
{
  pthread_t thread;
  pthread_create(&thread, NULL, test_func, NULL);
  pthread_detach(thread);
  pthread_cancel(thread);
  pthread_join(thread, NULL);
  pthread_atfork(NULL, NULL, NULL);
  pthread_exit(NULL);

  return 0;
}

Determining if the function pthread_create exists in the pthreads failed with the following output:
Change Dir: /mnt/c/Users/sluzhynskyi/Documents/ClionProjects/word_count2/cmake-build-debug/CMakeFiles/CMakeTmp

Run Build Command(s):/usr/bin/make cmTC_319e0/fast && make: Warning: File 'Makefile' has modification time 0.4 s in the future
/usr/bin/make  -f CMakeFiles/cmTC_319e0.dir/build.make CMakeFiles/cmTC_319e0.dir/build
make[1]: Entering directory '/mnt/c/Users/sluzhynskyi/Documents/ClionProjects/word_count2/cmake-build-debug/CMakeFiles/CMakeTmp'
make[1]: Warning: File 'CMakeFiles/cmTC_319e0.dir/flags.make' has modification time 0.38 s in the future
Building C object CMakeFiles/cmTC_319e0.dir/CheckFunctionExists.c.o
/usr/bin/cc   -DCHECK_FUNCTION_EXISTS=pthread_create   -o CMakeFiles/cmTC_319e0.dir/CheckFunctionExists.c.o   -c /usr/share/cmake-3.17/Modules/CheckFunctionExists.c
Linking C executable cmTC_319e0
/usr/bin/cmake -E cmake_link_script CMakeFiles/cmTC_319e0.dir/link.txt --verbose=1
/usr/bin/cc  -DCHECK_FUNCTION_EXISTS=pthread_create    CMakeFiles/cmTC_319e0.dir/CheckFunctionExists.c.o  -o cmTC_319e0  -lpthreads 
/usr/bin/ld: cannot find -lpthreads
collect2: error: ld returned 1 exit status
CMakeFiles/cmTC_319e0.dir/build.make:106: recipe for target 'cmTC_319e0' failed
make[1]: *** [cmTC_319e0] Error 1
make[1]: Leaving directory '/mnt/c/Users/sluzhynskyi/Documents/ClionProjects/word_count2/cmake-build-debug/CMakeFiles/CMakeTmp'
Makefile:141: recipe for target 'cmTC_319e0/fast' failed
make: *** [cmTC_319e0/fast] Error 2



